<?xml version="1.0" encoding="UTF-8"?>
<testsuite xmlns:xsi="http://www.w3.org/2001/XMLSchema-instance" xsi:noNamespaceSchemaLocation="https://maven.apache.org/surefire/maven-surefire-plugin/xsd/surefire-test-report.xsd" name="TestSuite" time="0.243" tests="0" errors="0" skipped="0" failures="0">
  <properties>
    <property name="gopherProxySet" value="false"/>
    <property name="awt.toolkit" value="sun.lwawt.macosx.LWCToolkit"/>
    <property name="java.specification.version" value="11"/>
    <property name="sun.cpu.isalist" value=""/>
    <property name="sun.jnu.encoding" value="UTF-8"/>
    <property name="java.class.path" value="/Users/gino.jimenez/IdeaProjects/Falabella_Automation/target/test-classes:/Users/gino.jimenez/IdeaProjects/Falabella_Automation/target/classes:/Users/gino.jimenez/.m2/repository/junit/junit/4.12/junit-4.12.jar:/Users/gino.jimenez/.m2/repository/org/hamcrest/hamcrest-core/1.3/hamcrest-core-1.3.jar:/Users/gino.jimenez/.m2/repository/org/seleniumhq/selenium/selenium-java/3.7.1/selenium-java-3.7.1.jar:/Users/gino.jimenez/.m2/repository/org/seleniumhq/selenium/selenium-api/3.7.1/selenium-api-3.7.1.jar:/Users/gino.jimenez/.m2/repository/org/seleniumhq/selenium/selenium-chrome-driver/3.7.1/selenium-chrome-driver-3.7.1.jar:/Users/gino.jimenez/.m2/repository/org/seleniumhq/selenium/selenium-edge-driver/3.7.1/selenium-edge-driver-3.7.1.jar:/Users/gino.jimenez/.m2/repository/org/seleniumhq/selenium/selenium-firefox-driver/3.7.1/selenium-firefox-driver-3.7.1.jar:/Users/gino.jimenez/.m2/repository/org/seleniumhq/selenium/selenium-ie-driver/3.7.1/selenium-ie-driver-3.7.1.jar:/Users/gino.jimenez/.m2/repository/org/seleniumhq/selenium/selenium-opera-driver/3.7.1/selenium-opera-driver-3.7.1.jar:/Users/gino.jimenez/.m2/repository/org/seleniumhq/selenium/selenium-remote-driver/3.7.1/selenium-remote-driver-3.7.1.jar:/Users/gino.jimenez/.m2/repository/org/seleniumhq/selenium/selenium-safari-driver/3.7.1/selenium-safari-driver-3.7.1.jar:/Users/gino.jimenez/.m2/repository/org/seleniumhq/selenium/selenium-support/3.7.1/selenium-support-3.7.1.jar:/Users/gino.jimenez/.m2/repository/net/bytebuddy/byte-buddy/1.7.5/byte-buddy-1.7.5.jar:/Users/gino.jimenez/.m2/repository/org/apache/commons/commons-exec/1.3/commons-exec-1.3.jar:/Users/gino.jimenez/.m2/repository/commons-codec/commons-codec/1.10/commons-codec-1.10.jar:/Users/gino.jimenez/.m2/repository/commons-logging/commons-logging/1.2/commons-logging-1.2.jar:/Users/gino.jimenez/.m2/repository/com/google/code/gson/gson/2.8.2/gson-2.8.2.jar:/Users/gino.jimenez/.m2/repository/com/google/guava/guava/23.0/guava-23.0.jar:/Users/gino.jimenez/.m2/repository/com/google/code/findbugs/jsr305/1.3.9/jsr305-1.3.9.jar:/Users/gino.jimenez/.m2/repository/com/google/errorprone/error_prone_annotations/2.0.18/error_prone_annotations-2.0.18.jar:/Users/gino.jimenez/.m2/repository/com/google/j2objc/j2objc-annotations/1.1/j2objc-annotations-1.1.jar:/Users/gino.jimenez/.m2/repository/org/codehaus/mojo/animal-sniffer-annotations/1.14/animal-sniffer-annotations-1.14.jar:/Users/gino.jimenez/.m2/repository/org/apache/httpcomponents/httpclient/4.5.3/httpclient-4.5.3.jar:/Users/gino.jimenez/.m2/repository/org/apache/httpcomponents/httpcore/4.4.6/httpcore-4.4.6.jar:/Users/gino.jimenez/.m2/repository/info/cukes/cucumber-java/1.2.5/cucumber-java-1.2.5.jar:/Users/gino.jimenez/.m2/repository/info/cukes/cucumber-core/1.2.5/cucumber-core-1.2.5.jar:/Users/gino.jimenez/.m2/repository/info/cukes/cucumber-html/0.2.3/cucumber-html-0.2.3.jar:/Users/gino.jimenez/.m2/repository/info/cukes/gherkin/2.12.2/gherkin-2.12.2.jar:/Users/gino.jimenez/.m2/repository/info/cukes/cucumber-jvm-deps/1.0.5/cucumber-jvm-deps-1.0.5.jar:/Users/gino.jimenez/.m2/repository/info/cukes/cucumber-junit/1.2.5/cucumber-junit-1.2.5.jar:/Users/gino.jimenez/.m2/repository/com/vimalselvam/cucumber-extentsreport/3.0.2/cucumber-extentsreport-3.0.2.jar:/Users/gino.jimenez/.m2/repository/com/aventstack/extentreports/3.1.2/extentreports-3.1.2.jar:/Users/gino.jimenez/.m2/repository/org/freemarker/freemarker/2.3.23/freemarker-2.3.23.jar:/Users/gino.jimenez/.m2/repository/org/mongodb/mongodb-driver/3.3.0/mongodb-driver-3.3.0.jar:/Users/gino.jimenez/.m2/repository/org/mongodb/bson/3.3.0/bson-3.3.0.jar:/Users/gino.jimenez/.m2/repository/org/mongodb/mongodb-driver-core/3.3.0/mongodb-driver-core-3.3.0.jar:/Users/gino.jimenez/.m2/repository/org/apache/httpcomponents/httpmime/4.5.2/httpmime-4.5.2.jar:/Users/gino.jimenez/.m2/repository/org/jsoup/jsoup/1.9.2/jsoup-1.9.2.jar:/Users/gino.jimenez/.m2/repository/org/testng/testng/6.11/testng-6.11.jar:/Users/gino.jimenez/.m2/repository/com/beust/jcommander/1.64/jcommander-1.64.jar:/Users/gino.jimenez/.m2/repository/org/yaml/snakeyaml/1.17/snakeyaml-1.17.jar:/Users/gino.jimenez/.m2/repository/io/qameta/allure/allure-cucumber7-jvm/2.19.0/allure-cucumber7-jvm-2.19.0.jar:/Users/gino.jimenez/.m2/repository/io/qameta/allure/allure-java-commons/2.19.0/allure-java-commons-2.19.0.jar:/Users/gino.jimenez/.m2/repository/org/slf4j/slf4j-api/1.7.30/slf4j-api-1.7.30.jar:/Users/gino.jimenez/.m2/repository/io/qameta/allure/allure-model/2.19.0/allure-model-2.19.0.jar:/Users/gino.jimenez/.m2/repository/io/cucumber/gherkin/23.0.1/gherkin-23.0.1.jar:/Users/gino.jimenez/.m2/repository/io/cucumber/messages/18.0.0/messages-18.0.0.jar:"/>
    <property name="java.vm.vendor" value="Oracle Corporation"/>
    <property name="sun.arch.data.model" value="64"/>
    <property name="java.vendor.url" value="https://openjdk.java.net/"/>
    <property name="user.timezone" value=""/>
    <property name="java.vm.specification.version" value="11"/>
    <property name="os.name" value="Mac OS X"/>
    <property name="sun.java.launcher" value="SUN_STANDARD"/>
    <property name="user.country" value="PE"/>
    <property name="sun.boot.library.path" value="/Library/Java/JavaVirtualMachines/jdk-11.0.12.jdk/Contents/Home/lib"/>
    <property name="sun.java.command" value="/Users/gino.jimenez/IdeaProjects/Falabella_Automation/target/surefire/surefirebooter17568263267369478623.jar /Users/gino.jimenez/IdeaProjects/Falabella_Automation/target/surefire 2022-08-22T03-45-36_324-jvmRun1 surefire7116348520481979312tmp surefire_011322474541762518596tmp"/>
    <property name="http.nonProxyHosts" value="local|*.local|169.254/16|*.169.254/16"/>
    <property name="jdk.debug" value="release"/>
    <property name="surefire.test.class.path" value="/Users/gino.jimenez/IdeaProjects/Falabella_Automation/target/test-classes:/Users/gino.jimenez/IdeaProjects/Falabella_Automation/target/classes:/Users/gino.jimenez/.m2/repository/junit/junit/4.12/junit-4.12.jar:/Users/gino.jimenez/.m2/repository/org/hamcrest/hamcrest-core/1.3/hamcrest-core-1.3.jar:/Users/gino.jimenez/.m2/repository/org/seleniumhq/selenium/selenium-java/3.7.1/selenium-java-3.7.1.jar:/Users/gino.jimenez/.m2/repository/org/seleniumhq/selenium/selenium-api/3.7.1/selenium-api-3.7.1.jar:/Users/gino.jimenez/.m2/repository/org/seleniumhq/selenium/selenium-chrome-driver/3.7.1/selenium-chrome-driver-3.7.1.jar:/Users/gino.jimenez/.m2/repository/org/seleniumhq/selenium/selenium-edge-driver/3.7.1/selenium-edge-driver-3.7.1.jar:/Users/gino.jimenez/.m2/repository/org/seleniumhq/selenium/selenium-firefox-driver/3.7.1/selenium-firefox-driver-3.7.1.jar:/Users/gino.jimenez/.m2/repository/org/seleniumhq/selenium/selenium-ie-driver/3.7.1/selenium-ie-driver-3.7.1.jar:/Users/gino.jimenez/.m2/repository/org/seleniumhq/selenium/selenium-opera-driver/3.7.1/selenium-opera-driver-3.7.1.jar:/Users/gino.jimenez/.m2/repository/org/seleniumhq/selenium/selenium-remote-driver/3.7.1/selenium-remote-driver-3.7.1.jar:/Users/gino.jimenez/.m2/repository/org/seleniumhq/selenium/selenium-safari-driver/3.7.1/selenium-safari-driver-3.7.1.jar:/Users/gino.jimenez/.m2/repository/org/seleniumhq/selenium/selenium-support/3.7.1/selenium-support-3.7.1.jar:/Users/gino.jimenez/.m2/repository/net/bytebuddy/byte-buddy/1.7.5/byte-buddy-1.7.5.jar:/Users/gino.jimenez/.m2/repository/org/apache/commons/commons-exec/1.3/commons-exec-1.3.jar:/Users/gino.jimenez/.m2/repository/commons-codec/commons-codec/1.10/commons-codec-1.10.jar:/Users/gino.jimenez/.m2/repository/commons-logging/commons-logging/1.2/commons-logging-1.2.jar:/Users/gino.jimenez/.m2/repository/com/google/code/gson/gson/2.8.2/gson-2.8.2.jar:/Users/gino.jimenez/.m2/repository/com/google/guava/guava/23.0/guava-23.0.jar:/Users/gino.jimenez/.m2/repository/com/google/code/findbugs/jsr305/1.3.9/jsr305-1.3.9.jar:/Users/gino.jimenez/.m2/repository/com/google/errorprone/error_prone_annotations/2.0.18/error_prone_annotations-2.0.18.jar:/Users/gino.jimenez/.m2/repository/com/google/j2objc/j2objc-annotations/1.1/j2objc-annotations-1.1.jar:/Users/gino.jimenez/.m2/repository/org/codehaus/mojo/animal-sniffer-annotations/1.14/animal-sniffer-annotations-1.14.jar:/Users/gino.jimenez/.m2/repository/org/apache/httpcomponents/httpclient/4.5.3/httpclient-4.5.3.jar:/Users/gino.jimenez/.m2/repository/org/apache/httpcomponents/httpcore/4.4.6/httpcore-4.4.6.jar:/Users/gino.jimenez/.m2/repository/info/cukes/cucumber-java/1.2.5/cucumber-java-1.2.5.jar:/Users/gino.jimenez/.m2/repository/info/cukes/cucumber-core/1.2.5/cucumber-core-1.2.5.jar:/Users/gino.jimenez/.m2/repository/info/cukes/cucumber-html/0.2.3/cucumber-html-0.2.3.jar:/Users/gino.jimenez/.m2/repository/info/cukes/gherkin/2.12.2/gherkin-2.12.2.jar:/Users/gino.jimenez/.m2/repository/info/cukes/cucumber-jvm-deps/1.0.5/cucumber-jvm-deps-1.0.5.jar:/Users/gino.jimenez/.m2/repository/info/cukes/cucumber-junit/1.2.5/cucumber-junit-1.2.5.jar:/Users/gino.jimenez/.m2/repository/com/vimalselvam/cucumber-extentsreport/3.0.2/cucumber-extentsreport-3.0.2.jar:/Users/gino.jimenez/.m2/repository/com/aventstack/extentreports/3.1.2/extentreports-3.1.2.jar:/Users/gino.jimenez/.m2/repository/org/freemarker/freemarker/2.3.23/freemarker-2.3.23.jar:/Users/gino.jimenez/.m2/repository/org/mongodb/mongodb-driver/3.3.0/mongodb-driver-3.3.0.jar:/Users/gino.jimenez/.m2/repository/org/mongodb/bson/3.3.0/bson-3.3.0.jar:/Users/gino.jimenez/.m2/repository/org/mongodb/mongodb-driver-core/3.3.0/mongodb-driver-core-3.3.0.jar:/Users/gino.jimenez/.m2/repository/org/apache/httpcomponents/httpmime/4.5.2/httpmime-4.5.2.jar:/Users/gino.jimenez/.m2/repository/org/jsoup/jsoup/1.9.2/jsoup-1.9.2.jar:/Users/gino.jimenez/.m2/repository/org/testng/testng/6.11/testng-6.11.jar:/Users/gino.jimenez/.m2/repository/com/beust/jcommander/1.64/jcommander-1.64.jar:/Users/gino.jimenez/.m2/repository/org/yaml/snakeyaml/1.17/snakeyaml-1.17.jar:/Users/gino.jimenez/.m2/repository/io/qameta/allure/allure-cucumber7-jvm/2.19.0/allure-cucumber7-jvm-2.19.0.jar:/Users/gino.jimenez/.m2/repository/io/qameta/allure/allure-java-commons/2.19.0/allure-java-commons-2.19.0.jar:/Users/gino.jimenez/.m2/repository/org/slf4j/slf4j-api/1.7.30/slf4j-api-1.7.30.jar:/Users/gino.jimenez/.m2/repository/io/qameta/allure/allure-model/2.19.0/allure-model-2.19.0.jar:/Users/gino.jimenez/.m2/repository/io/cucumber/gherkin/23.0.1/gherkin-23.0.1.jar:/Users/gino.jimenez/.m2/repository/io/cucumber/messages/18.0.0/messages-18.0.0.jar:"/>
    <property name="sun.cpu.endian" value="little"/>
    <property name="user.home" value="/Users/gino.jimenez"/>
    <property name="user.language" value="en"/>
    <property name="java.specification.vendor" value="Oracle Corporation"/>
    <property name="java.version.date" value="2021-07-20"/>
    <property name="java.home" value="/Library/Java/JavaVirtualMachines/jdk-11.0.12.jdk/Contents/Home"/>
    <property name="file.separator" value="/"/>
    <property name="basedir" value="/Users/gino.jimenez/IdeaProjects/Falabella_Automation"/>
    <property name="java.vm.compressedOopsMode" value="Zero based"/>
    <property name="line.separator" value="&#10;"/>
    <property name="java.specification.name" value="Java Platform API Specification"/>
    <property name="java.vm.specification.vendor" value="Oracle Corporation"/>
    <property name="java.awt.graphicsenv" value="sun.awt.CGraphicsEnvironment"/>
    <property name="surefire.real.class.path" value="/Users/gino.jimenez/IdeaProjects/Falabella_Automation/target/surefire/surefirebooter17568263267369478623.jar"/>
    <property name="sun.management.compiler" value="HotSpot 64-Bit Tiered Compilers"/>
    <property name="ftp.nonProxyHosts" value="local|*.local|169.254/16|*.169.254/16"/>
    <property name="java.runtime.version" value="11.0.12+8-LTS-237"/>
    <property name="user.name" value="gino.jimenez"/>
    <property name="path.separator" value=":"/>
    <property name="os.version" value="11.5"/>
    <property name="java.runtime.name" value="Java(TM) SE Runtime Environment"/>
    <property name="file.encoding" value="UTF-8"/>
    <property name="java.vm.name" value="Java HotSpot(TM) 64-Bit Server VM"/>
    <property name="java.vendor.version" value="18.9"/>
    <property name="localRepository" value="/Users/gino.jimenez/.m2/repository"/>
    <property name="cucumber.options" value="&quot;--tags @regresion&quot;"/>
    <property name="java.vendor.url.bug" value="https://bugreport.java.com/bugreport/"/>
    <property name="java.io.tmpdir" value="/var/folders/w9/zp9gr42x3qlfbd54mr3b9mw80000gr/T/"/>
    <property name="idea.version" value="2021.3"/>
    <property name="java.version" value="11.0.12"/>
    <property name="user.dir" value="/Users/gino.jimenez/IdeaProjects/Falabella_Automation"/>
    <property name="os.arch" value="x86_64"/>
    <property name="java.vm.specification.name" value="Java Virtual Machine Specification"/>
    <property name="java.awt.printerjob" value="sun.lwawt.macosx.CPrinterJob"/>
    <property name="sun.os.patch.level" value="unknown"/>
    <property name="java.library.path" value="/Users/gino.jimenez/Library/Java/Extensions:/Library/Java/Extensions:/Network/Library/Java/Extensions:/System/Library/Java/Extensions:/usr/lib/java:."/>
    <property name="java.vendor" value="Oracle Corporation"/>
    <property name="java.vm.info" value="mixed mode"/>
    <property name="java.vm.version" value="11.0.12+8-LTS-237"/>
    <property name="sun.io.unicode.encoding" value="UnicodeBig"/>
    <property name="java.class.version" value="55.0"/>
    <property name="socksNonProxyHosts" value="local|*.local|169.254/16|*.169.254/16"/>
  </properties>
</testsuite>